2018-12-24 23:19:54,893 INFO org.springframework.boot.StartupInfoLogger [main] Starting Application on WIN-C3L8TOODV5O with PID 23236 (C:\Users\User\IdeaProjects\computershop\target\classes started by User in C:\Users\User\IdeaProjects\computershop)
2018-12-24 23:19:54,905 INFO org.springframework.boot.SpringApplication [main] No active profile set, falling back to default profiles: default
2018-12-24 23:19:59,007 INFO org.springframework.boot.web.embedded.tomcat.TomcatWebServer [main] Tomcat initialized with port(s): 8080 (http)
2018-12-24 23:19:59,031 INFO org.apache.juli.logging.DirectJDKLog [main] Initializing ProtocolHandler ["http-nio-8080"]
2018-12-24 23:19:59,049 INFO org.apache.juli.logging.DirectJDKLog [main] Starting service [Tomcat]
2018-12-24 23:19:59,049 INFO org.apache.juli.logging.DirectJDKLog [main] Starting Servlet Engine: Apache Tomcat/8.5.34
2018-12-24 23:19:59,073 INFO org.apache.juli.logging.DirectJDKLog [localhost-startStop-1] The APR based Apache Tomcat Native library which allows optimal performance in production environments was not found on the java.library.path: [C:\Program Files\Java\jdk1.8.0_162\bin;C:\WINDOWS\Sun\Java\bin;C:\WINDOWS\system32;C:\WINDOWS;C:\ProgramData\Oracle\Java\javapath;C:\Windows\system32;C:\Windows;C:\Windows\System32\Wbem;C:\Windows\System32\WindowsPowerShell\v1.0\;C:\Program Files (x86)\NVIDIA Corporation\PhysX\Common;D:\ptc\proe4\bin;C:\WINDOWS\system32;C:\WINDOWS;C:\WINDOWS\System32\Wbem;C:\WINDOWS\System32\WindowsPowerShell\v1.0\;C:\Program Files\Git\cmd;C:\WINDOWS\System32\OpenSSH\;C:\soft\apache-maven-3.5.4-src\apache-maven-3.5.4\bin;;D:\ptc2\bin;C:\Users\User\AppData\Local\Microsoft\WindowsApps;C:\soft\apache-maven-3.5.4\bin;;.]
2018-12-24 23:19:59,807 INFO org.apache.juli.logging.DirectJDKLog [localhost-startStop-1] At least one JAR was scanned for TLDs yet contained no TLDs. Enable debug logging for this logger for a complete list of JARs that were scanned but no TLDs were found in them. Skipping unneeded JARs during scanning can improve startup time and JSP compilation time.
2018-12-24 23:19:59,822 INFO org.apache.juli.logging.DirectJDKLog [localhost-startStop-1] Initializing Spring embedded WebApplicationContext
2018-12-24 23:19:59,824 INFO org.springframework.boot.web.servlet.context.ServletWebServerApplicationContext [localhost-startStop-1] Root WebApplicationContext: initialization completed in 4833 ms
2018-12-24 23:19:59,895 INFO org.springframework.boot.web.servlet.AbstractFilterRegistrationBean [localhost-startStop-1] Mapping filter: 'characterEncodingFilter' to: [/*]
2018-12-24 23:19:59,899 INFO org.springframework.boot.web.servlet.AbstractFilterRegistrationBean [localhost-startStop-1] Mapping filter: 'springSecurityFilterChain' to: [/*]
2018-12-24 23:19:59,899 INFO org.springframework.boot.web.servlet.ServletRegistrationBean [localhost-startStop-1] Servlet dispatcherServlet mapped to [/]
2018-12-24 23:20:04,340 INFO org.springframework.security.web.DefaultSecurityFilterChain [main] Creating filter chain: any request, [org.springframework.security.web.context.request.async.WebAsyncManagerIntegrationFilter@3b35798, org.springframework.security.web.context.SecurityContextPersistenceFilter@3dbd7107, org.springframework.security.web.header.HeaderWriterFilter@43935e9c, org.springframework.security.web.authentication.logout.LogoutFilter@5df6163a, org.springframework.security.web.authentication.UsernamePasswordAuthenticationFilter@6d0290d8, org.springframework.security.web.authentication.www.BasicAuthenticationFilter@4ae2e781, org.springframework.security.web.savedrequest.RequestCacheAwareFilter@5f8a02cf, org.springframework.security.web.servletapi.SecurityContextHolderAwareRequestFilter@a90e2c1, org.springframework.security.web.authentication.AnonymousAuthenticationFilter@1e00bfe2, org.springframework.security.web.session.SessionManagementFilter@790d8fdd, org.springframework.security.web.access.ExceptionTranslationFilter@b2c4a8b, org.springframework.security.web.access.intercept.FilterSecurityInterceptor@fbe70d8]
2018-12-24 23:20:04,738 INFO org.apache.juli.logging.DirectJDKLog [main] Starting ProtocolHandler ["http-nio-8080"]
2018-12-24 23:20:04,760 INFO org.apache.juli.logging.DirectJDKLog [main] Using a shared selector for servlet write/read
2018-12-24 23:20:04,798 INFO org.springframework.boot.web.embedded.tomcat.TomcatWebServer [main] Tomcat started on port(s): 8080 (http) with context path ''
2018-12-24 23:20:04,805 INFO org.springframework.boot.StartupInfoLogger [main] Started Application in 10.851 seconds (JVM running for 11.759)
2018-12-24 23:20:21,256 INFO org.apache.juli.logging.DirectJDKLog [http-nio-8080-exec-1] Initializing Spring DispatcherServlet 'dispatcherServlet'
2018-12-24 23:20:21,258 INFO org.springframework.web.servlet.FrameworkServlet [http-nio-8080-exec-1] Initializing Servlet 'dispatcherServlet'
2018-12-24 23:20:21,279 INFO org.springframework.web.servlet.FrameworkServlet [http-nio-8080-exec-1] Completed initialization in 19 ms
