2018-12-20 15:05:51,813 INFO org.springframework.boot.StartupInfoLogger [main] Starting Application on WIN-C3L8TOODV5O with PID 14260 (C:\Users\User\IdeaProjects\computershop\target\classes started by User in C:\Users\User\IdeaProjects\computershop)
2018-12-20 15:05:51,898 INFO org.springframework.boot.SpringApplication [main] No active profile set, falling back to default profiles: default
2018-12-20 15:05:56,314 INFO org.springframework.boot.web.embedded.tomcat.TomcatWebServer [main] Tomcat initialized with port(s): 8080 (http)
2018-12-20 15:05:56,333 INFO org.apache.juli.logging.DirectJDKLog [main] Initializing ProtocolHandler ["http-nio-8080"]
2018-12-20 15:05:56,351 INFO org.apache.juli.logging.DirectJDKLog [main] Starting service [Tomcat]
2018-12-20 15:05:56,353 INFO org.apache.juli.logging.DirectJDKLog [main] Starting Servlet Engine: Apache Tomcat/8.5.34
2018-12-20 15:05:56,371 INFO org.apache.juli.logging.DirectJDKLog [localhost-startStop-1] The APR based Apache Tomcat Native library which allows optimal performance in production environments was not found on the java.library.path: [C:\Program Files\Java\jdk1.8.0_162\bin;C:\WINDOWS\Sun\Java\bin;C:\WINDOWS\system32;C:\WINDOWS;C:\ProgramData\Oracle\Java\javapath;C:\Windows\system32;C:\Windows;C:\Windows\System32\Wbem;C:\Windows\System32\WindowsPowerShell\v1.0\;C:\Program Files (x86)\NVIDIA Corporation\PhysX\Common;D:\ptc\proe4\bin;C:\WINDOWS\system32;C:\WINDOWS;C:\WINDOWS\System32\Wbem;C:\WINDOWS\System32\WindowsPowerShell\v1.0\;C:\Program Files\Git\cmd;C:\WINDOWS\System32\OpenSSH\;C:\soft\apache-maven-3.5.4-src\apache-maven-3.5.4\bin;;D:\ptc2\bin;C:\Users\User\AppData\Local\Microsoft\WindowsApps;C:\soft\apache-maven-3.5.4\bin;;.]
2018-12-20 15:05:56,913 INFO org.apache.juli.logging.DirectJDKLog [localhost-startStop-1] At least one JAR was scanned for TLDs yet contained no TLDs. Enable debug logging for this logger for a complete list of JARs that were scanned but no TLDs were found in them. Skipping unneeded JARs during scanning can improve startup time and JSP compilation time.
2018-12-20 15:05:56,923 INFO org.apache.juli.logging.DirectJDKLog [localhost-startStop-1] Initializing Spring embedded WebApplicationContext
2018-12-20 15:05:56,925 INFO org.springframework.boot.web.servlet.context.ServletWebServerApplicationContext [localhost-startStop-1] Root WebApplicationContext: initialization completed in 4827 ms
2018-12-20 15:05:56,981 INFO org.springframework.boot.web.servlet.AbstractFilterRegistrationBean [localhost-startStop-1] Mapping filter: 'characterEncodingFilter' to: [/*]
2018-12-20 15:05:56,982 INFO org.springframework.boot.web.servlet.AbstractFilterRegistrationBean [localhost-startStop-1] Mapping filter: 'springSecurityFilterChain' to: [/*]
2018-12-20 15:05:56,983 INFO org.springframework.boot.web.servlet.ServletRegistrationBean [localhost-startStop-1] Servlet dispatcherServlet mapped to [/]
2018-12-20 15:06:00,231 INFO org.springframework.security.web.DefaultSecurityFilterChain [main] Creating filter chain: any request, [org.springframework.security.web.context.request.async.WebAsyncManagerIntegrationFilter@357c9bd9, org.springframework.security.web.context.SecurityContextPersistenceFilter@2d28fb02, org.springframework.security.web.header.HeaderWriterFilter@4e4162bc, org.springframework.security.web.authentication.logout.LogoutFilter@5edc3e29, org.springframework.security.web.authentication.UsernamePasswordAuthenticationFilter@78c262ba, org.springframework.security.web.authentication.www.BasicAuthenticationFilter@fbe70d8, org.springframework.security.web.savedrequest.RequestCacheAwareFilter@402f8592, org.springframework.security.web.servletapi.SecurityContextHolderAwareRequestFilter@6403a4a5, org.springframework.security.web.authentication.AnonymousAuthenticationFilter@7aea704c, org.springframework.security.web.session.SessionManagementFilter@72fbf94d, org.springframework.security.web.access.ExceptionTranslationFilter@7a388990, org.springframework.security.web.access.intercept.FilterSecurityInterceptor@19f02280]
2018-12-20 15:06:00,581 INFO org.apache.juli.logging.DirectJDKLog [main] Starting ProtocolHandler ["http-nio-8080"]
2018-12-20 15:06:00,601 INFO org.apache.juli.logging.DirectJDKLog [main] Using a shared selector for servlet write/read
2018-12-20 15:06:00,657 INFO org.springframework.boot.web.embedded.tomcat.TomcatWebServer [main] Tomcat started on port(s): 8080 (http) with context path ''
2018-12-20 15:06:00,664 INFO org.springframework.boot.StartupInfoLogger [main] Started Application in 10.111 seconds (JVM running for 11.655)
2018-12-20 15:07:31,075 INFO org.apache.juli.logging.DirectJDKLog [http-nio-8080-exec-10] Initializing Spring DispatcherServlet 'dispatcherServlet'
2018-12-20 15:07:31,076 INFO org.springframework.web.servlet.FrameworkServlet [http-nio-8080-exec-10] Initializing Servlet 'dispatcherServlet'
2018-12-20 15:07:31,096 INFO org.springframework.web.servlet.FrameworkServlet [http-nio-8080-exec-10] Completed initialization in 18 ms
2018-12-20 15:07:32,072 WARN org.springframework.web.servlet.handler.AbstractHandlerExceptionResolver [http-nio-8080-exec-10] Resolved [org.timoshuk.computershop.exception.UserNotFoundException: User not found!]
